<?xml version="1.0" encoding="UTF-8"?>
<testng-results ignored="0" total="2" passed="2" failed="0" skipped="0">
  <reporter-output>
  </reporter-output>
  <suite started-at="2024-11-09T16:47:32 IST" name="Default suite" finished-at="2024-11-09T16:47:47 IST" duration-ms="14832">
    <groups>
    </groups>
    <test started-at="2024-11-09T16:47:32 IST" name="Default test" finished-at="2024-11-09T16:47:47 IST" duration-ms="14832">
      <class name="jar.CovidTrackigTest">
        <test-method is-config="true" signature="setUp()[pri:0, instance:jar.CovidTrackigTest@49ec71f8]" started-at="2024-11-09T16:47:32 IST" name="setUp" finished-at="2024-11-09T16:47:40 IST" duration-ms="7495" status="PASS">
          <reporter-output>
          </reporter-output>
        </test-method> <!-- setUp -->
        <test-method signature="testStateSelection()[pri:0, instance:jar.CovidTrackigTest@49ec71f8]" started-at="2024-11-09T16:47:40 IST" name="testStateSelection" finished-at="2024-11-09T16:47:43 IST" duration-ms="3306" status="PASS">
          <reporter-output>
          </reporter-output>
        </test-method> <!-- testStateSelection -->
        <test-method signature="testprintlinechartvalue()[pri:0, instance:jar.CovidTrackigTest@49ec71f8]" started-at="2024-11-09T16:47:43 IST" name="testprintlinechartvalue" finished-at="2024-11-09T16:47:47 IST" duration-ms="3815" status="PASS">
          <reporter-output>
          </reporter-output>
        </test-method> <!-- testprintlinechartvalue -->
        <test-method is-config="true" signature="tearDown()[pri:0, instance:jar.CovidTrackigTest@49ec71f8]" started-at="2024-11-09T16:47:47 IST" name="tearDown" finished-at="2024-11-09T16:47:47 IST" duration-ms="176" status="PASS">
          <reporter-output>
          </reporter-output>
        </test-method> <!-- tearDown -->
      </class> <!-- jar.CovidTrackigTest -->
    </test> <!-- Default test -->
  </suite> <!-- Default suite -->
</testng-results>
