<?xml version="1.0" encoding="UTF-8"?>
<testng-results ignored="0" total="2" passed="2" failed="0" skipped="0">
  <reporter-output>
  </reporter-output>
  <suite started-at="2024-11-09T17:04:19 IST" name="Suite" finished-at="2024-11-09T17:04:30 IST" duration-ms="11053">
    <groups>
    </groups>
    <test started-at="2024-11-09T17:04:19 IST" name="Test" finished-at="2024-11-09T17:04:30 IST" duration-ms="11053">
      <class name="jar.CovidTrackigTest">
        <test-method is-config="true" signature="setUp()[pri:0, instance:jar.CovidTrackigTest@49ec71f8]" started-at="2024-11-09T17:04:19 IST" name="setUp" finished-at="2024-11-09T17:04:23 IST" duration-ms="3785" status="PASS">
          <reporter-output>
          </reporter-output>
        </test-method> <!-- setUp -->
        <test-method signature="testStateSelection()[pri:0, instance:jar.CovidTrackigTest@49ec71f8]" started-at="2024-11-09T17:04:23 IST" name="testStateSelection" finished-at="2024-11-09T17:04:26 IST" duration-ms="3234" status="PASS">
          <reporter-output>
          </reporter-output>
        </test-method> <!-- testStateSelection -->
        <test-method signature="testprintlinechartvalue()[pri:0, instance:jar.CovidTrackigTest@49ec71f8]" started-at="2024-11-09T17:04:26 IST" name="testprintlinechartvalue" finished-at="2024-11-09T17:04:30 IST" duration-ms="3856" status="PASS">
          <reporter-output>
          </reporter-output>
        </test-method> <!-- testprintlinechartvalue -->
        <test-method is-config="true" signature="tearDown()[pri:0, instance:jar.CovidTrackigTest@49ec71f8]" started-at="2024-11-09T17:04:30 IST" name="tearDown" finished-at="2024-11-09T17:04:30 IST" duration-ms="144" status="PASS">
          <reporter-output>
          </reporter-output>
        </test-method> <!-- tearDown -->
      </class> <!-- jar.CovidTrackigTest -->
    </test> <!-- Test -->
  </suite> <!-- Suite -->
</testng-results>
